INFO 2026-02-08 12:24:47,262 autoreload 6684 11952 Watching for file changes with StatReloader
INFO 2026-02-08 12:39:13,102 autoreload 6684 11952 C:\SRMS\fastresult_backend\backend\settings\base.py changed, reloading.
INFO 2026-02-08 12:39:20,806 autoreload 9220 2416 Watching for file changes with StatReloader
INFO 2026-02-08 12:40:54,278 autoreload 9220 2416 C:\SRMS\fastresult_backend\backend\settings\base.py changed, reloading.
INFO 2026-02-08 12:41:04,586 autoreload 6952 13200 Watching for file changes with StatReloader
INFO 2026-02-08 12:41:13,906 autoreload 6952 13200 C:\SRMS\fastresult_backend\backend\settings\base.py changed, reloading.
INFO 2026-02-08 12:41:19,369 autoreload 12760 12584 Watching for file changes with StatReloader
INFO 2026-02-08 12:42:17,382 autoreload 12760 12584 C:\SRMS\fastresult_backend\universities\__init__.py changed, reloading.
INFO 2026-02-08 12:42:23,796 autoreload 12608 11752 Watching for file changes with StatReloader
INFO 2026-02-08 12:43:04,986 autoreload 12608 11752 C:\SRMS\fastresult_backend\accounts\__init__.py changed, reloading.
INFO 2026-02-08 12:43:08,549 autoreload 5456 11864 Watching for file changes with StatReloader
INFO 2026-02-08 12:49:39,713 autoreload 6828 7332 Watching for file changes with StatReloader
INFO 2026-02-08 12:50:52,195 autoreload 6828 7332 C:\SRMS\fastresult_backend\backend\settings\base.py changed, reloading.
INFO 2026-02-08 12:50:52,691 autoreload 5456 11864 C:\SRMS\fastresult_backend\backend\settings\base.py changed, reloading.
INFO 2026-02-08 12:50:58,592 autoreload 12852 11344 Watching for file changes with StatReloader
INFO 2026-02-08 12:50:58,609 autoreload 7312 5752 Watching for file changes with StatReloader
WARNING 2026-02-08 12:51:10,161 log 12852 1612 Not Found: /
WARNING 2026-02-08 12:51:11,639 log 12852 1612 Not Found: /favicon.ico
ERROR 2026-02-08 12:51:17,850 log 12852 6264 Internal Server Error: /admin/login/
Traceback (most recent call last):
  File "C:\Users\DELL\AppData\Local\Programs\Python\Python314\Lib\site-packages\django\core\files\storage\handler.py", line 35, in __getitem__
    return self._storages[alias]
           ~~~~~~~~~~~~~~^^^^^^^
KeyError: 'staticfiles'

During handling of the above exception, another exception occurred:

Traceback (most recent call last):
  File "C:\Users\DELL\AppData\Local\Programs\Python\Python314\Lib\site-packages\django\core\files\storage\handler.py", line 52, in create_storage
    storage_cls = import_string(backend)
  File "C:\Users\DELL\AppData\Local\Programs\Python\Python314\Lib\site-packages\django\utils\module_loading.py", line 30, in import_string
    return cached_import(module_path, class_name)
  File "C:\Users\DELL\AppData\Local\Programs\Python\Python314\Lib\site-packages\django\utils\module_loading.py", line 15, in cached_import
    module = import_module(module_path)
  File "C:\Users\DELL\AppData\Local\Programs\Python\Python314\Lib\importlib\__init__.py", line 88, in import_module
    return _bootstrap._gcd_import(name[level:], package, level)
           ~~~~~~~~~~~~~~~~~~~~~~^^^^^^^^^^^^^^^^^^^^^^^^^^^^^^
  File "<frozen importlib._bootstrap>", line 1398, in _gcd_import
  File "<frozen importlib._bootstrap>", line 1371, in _find_and_load
  File "<frozen importlib._bootstrap>", line 1314, in _find_and_load_unlocked
  File "<frozen importlib._bootstrap>", line 491, in _call_with_frames_removed
  File "<frozen importlib._bootstrap>", line 1398, in _gcd_import
  File "<frozen importlib._bootstrap>", line 1371, in _find_and_load
  File "<frozen importlib._bootstrap>", line 1335, in _find_and_load_unlocked
ModuleNotFoundError: No module named 'whitenoise'

The above exception was the direct cause of the following exception:

Traceback (most recent call last):
  File "C:\Users\DELL\AppData\Local\Programs\Python\Python314\Lib\site-packages\django\core\handlers\exception.py", line 55, in inner
    response = get_response(request)
  File "C:\Users\DELL\AppData\Local\Programs\Python\Python314\Lib\site-packages\django\core\handlers\base.py", line 220, in _get_response
    response = response.render()
  File "C:\Users\DELL\AppData\Local\Programs\Python\Python314\Lib\site-packages\django\template\response.py", line 111, in render
    self.content = self.rendered_content
                   ^^^^^^^^^^^^^^^^^^^^^
  File "C:\Users\DELL\AppData\Local\Programs\Python\Python314\Lib\site-packages\django\template\response.py", line 89, in rendered_content
    return template.render(context, self._request)
           ~~~~~~~~~~~~~~~^^^^^^^^^^^^^^^^^^^^^^^^
  File "C:\Users\DELL\AppData\Local\Programs\Python\Python314\Lib\site-packages\django\template\backends\django.py", line 61, in render
    return self.template.render(context)
           ~~~~~~~~~~~~~~~~~~~~^^^^^^^^^
  File "C:\Users\DELL\AppData\Local\Programs\Python\Python314\Lib\site-packages\django\template\base.py", line 175, in render
    return self._render(context)
           ~~~~~~~~~~~~^^^^^^^^^
  File "C:\Users\DELL\AppData\Local\Programs\Python\Python314\Lib\site-packages\django\template\base.py", line 167, in _render
    return self.nodelist.render(context)
           ~~~~~~~~~~~~~~~~~~~~^^^^^^^^^
  File "C:\Users\DELL\AppData\Local\Programs\Python\Python314\Lib\site-packages\django\template\base.py", line 1005, in render
    return SafeString("".join([node.render_annotated(context) for node in self]))
                               ~~~~~~~~~~~~~~~~~~~~~^^^^^^^^^
  File "C:\Users\DELL\AppData\Local\Programs\Python\Python314\Lib\site-packages\django\template\base.py", line 966, in render_annotated
    return self.render(context)
           ~~~~~~~~~~~^^^^^^^^^
  File "C:\Users\DELL\AppData\Local\Programs\Python\Python314\Lib\site-packages\django\template\loader_tags.py", line 157, in render
    return compiled_parent._render(context)
           ~~~~~~~~~~~~~~~~~~~~~~~^^^^^^^^^
  File "C:\Users\DELL\AppData\Local\Programs\Python\Python314\Lib\site-packages\django\template\base.py", line 167, in _render
    return self.nodelist.render(context)
           ~~~~~~~~~~~~~~~~~~~~^^^^^^^^^
  File "C:\Users\DELL\AppData\Local\Programs\Python\Python314\Lib\site-packages\django\template\base.py", line 1005, in render
    return SafeString("".join([node.render_annotated(context) for node in self]))
                               ~~~~~~~~~~~~~~~~~~~~~^^^^^^^^^
  File "C:\Users\DELL\AppData\Local\Programs\Python\Python314\Lib\site-packages\django\template\base.py", line 966, in render_annotated
    return self.render(context)
           ~~~~~~~~~~~^^^^^^^^^
  File "C:\Users\DELL\AppData\Local\Programs\Python\Python314\Lib\site-packages\django\template\loader_tags.py", line 157, in render
    return compiled_parent._render(context)
           ~~~~~~~~~~~~~~~~~~~~~~~^^^^^^^^^
  File "C:\Users\DELL\AppData\Local\Programs\Python\Python314\Lib\site-packages\django\template\base.py", line 167, in _render
    return self.nodelist.render(context)
           ~~~~~~~~~~~~~~~~~~~~^^^^^^^^^
  File "C:\Users\DELL\AppData\Local\Programs\Python\Python314\Lib\site-packages\django\template\base.py", line 1005, in render
    return SafeString("".join([node.render_annotated(context) for node in self]))
                               ~~~~~~~~~~~~~~~~~~~~~^^^^^^^^^
  File "C:\Users\DELL\AppData\Local\Programs\Python\Python314\Lib\site-packages\django\template\base.py", line 966, in render_annotated
    return self.render(context)
           ~~~~~~~~~~~^^^^^^^^^
  File "C:\Users\DELL\AppData\Local\Programs\Python\Python314\Lib\site-packages\django\template\loader_tags.py", line 63, in render
    result = block.nodelist.render(context)
  File "C:\Users\DELL\AppData\Local\Programs\Python\Python314\Lib\site-packages\django\template\base.py", line 1005, in render
    return SafeString("".join([node.render_annotated(context) for node in self]))
                               ~~~~~~~~~~~~~~~~~~~~~^^^^^^^^^
  File "C:\Users\DELL\AppData\Local\Programs\Python\Python314\Lib\site-packages\django\template\base.py", line 966, in render_annotated
    return self.render(context)
           ~~~~~~~~~~~^^^^^^^^^
  File "C:\Users\DELL\AppData\Local\Programs\Python\Python314\Lib\site-packages\django\templatetags\static.py", line 116, in render
    url = self.url(context)
  File "C:\Users\DELL\AppData\Local\Programs\Python\Python314\Lib\site-packages\django\templatetags\static.py", line 113, in url
    return self.handle_simple(path)
           ~~~~~~~~~~~~~~~~~~^^^^^^
  File "C:\Users\DELL\AppData\Local\Programs\Python\Python314\Lib\site-packages\django\templatetags\static.py", line 129, in handle_simple
    return staticfiles_storage.url(path)
           ^^^^^^^^^^^^^^^^^^^^^^^
  File "C:\Users\DELL\AppData\Local\Programs\Python\Python314\Lib\site-packages\django\utils\functional.py", line 266, in inner
    self._setup()
    ~~~~~~~~~~~^^
  File "C:\Users\DELL\AppData\Local\Programs\Python\Python314\Lib\site-packages\django\contrib\staticfiles\storage.py", line 537, in _setup
    self._wrapped = storages[STATICFILES_STORAGE_ALIAS]
                    ~~~~~~~~^^^^^^^^^^^^^^^^^^^^^^^^^^^
  File "C:\Users\DELL\AppData\Local\Programs\Python\Python314\Lib\site-packages\django\core\files\storage\handler.py", line 43, in __getitem__
    storage = self.create_storage(params)
  File "C:\Users\DELL\AppData\Local\Programs\Python\Python314\Lib\site-packages\django\core\files\storage\handler.py", line 54, in create_storage
    raise InvalidStorageError(f"Could not find backend {backend!r}: {e}") from e
django.core.files.storage.handler.InvalidStorageError: Could not find backend 'whitenoise.storage.CompressedManifestStaticFilesStorage': No module named 'whitenoise'
ERROR 2026-02-08 12:51:18,492 log 12852 12392 Internal Server Error: /admin/login/
Traceback (most recent call last):
  File "C:\Users\DELL\AppData\Local\Programs\Python\Python314\Lib\site-packages\django\core\files\storage\handler.py", line 35, in __getitem__
    return self._storages[alias]
           ~~~~~~~~~~~~~~^^^^^^^
KeyError: 'staticfiles'

During handling of the above exception, another exception occurred:

Traceback (most recent call last):
  File "C:\Users\DELL\AppData\Local\Programs\Python\Python314\Lib\site-packages\django\core\files\storage\handler.py", line 52, in create_storage
    storage_cls = import_string(backend)
  File "C:\Users\DELL\AppData\Local\Programs\Python\Python314\Lib\site-packages\django\utils\module_loading.py", line 30, in import_string
    return cached_import(module_path, class_name)
  File "C:\Users\DELL\AppData\Local\Programs\Python\Python314\Lib\site-packages\django\utils\module_loading.py", line 15, in cached_import
    module = import_module(module_path)
  File "C:\Users\DELL\AppData\Local\Programs\Python\Python314\Lib\importlib\__init__.py", line 88, in import_module
    return _bootstrap._gcd_import(name[level:], package, level)
           ~~~~~~~~~~~~~~~~~~~~~~^^^^^^^^^^^^^^^^^^^^^^^^^^^^^^
  File "<frozen importlib._bootstrap>", line 1398, in _gcd_import
  File "<frozen importlib._bootstrap>", line 1371, in _find_and_load
  File "<frozen importlib._bootstrap>", line 1314, in _find_and_load_unlocked
  File "<frozen importlib._bootstrap>", line 491, in _call_with_frames_removed
  File "<frozen importlib._bootstrap>", line 1398, in _gcd_import
  File "<frozen importlib._bootstrap>", line 1371, in _find_and_load
  File "<frozen importlib._bootstrap>", line 1335, in _find_and_load_unlocked
ModuleNotFoundError: No module named 'whitenoise'

The above exception was the direct cause of the following exception:

Traceback (most recent call last):
  File "C:\Users\DELL\AppData\Local\Programs\Python\Python314\Lib\site-packages\django\core\handlers\exception.py", line 55, in inner
    response = get_response(request)
  File "C:\Users\DELL\AppData\Local\Programs\Python\Python314\Lib\site-packages\django\core\handlers\base.py", line 220, in _get_response
    response = response.render()
  File "C:\Users\DELL\AppData\Local\Programs\Python\Python314\Lib\site-packages\django\template\response.py", line 111, in render
    self.content = self.rendered_content
                   ^^^^^^^^^^^^^^^^^^^^^
  File "C:\Users\DELL\AppData\Local\Programs\Python\Python314\Lib\site-packages\django\template\response.py", line 89, in rendered_content
    return template.render(context, self._request)
           ~~~~~~~~~~~~~~~^^^^^^^^^^^^^^^^^^^^^^^^
  File "C:\Users\DELL\AppData\Local\Programs\Python\Python314\Lib\site-packages\django\template\backends\django.py", line 61, in render
    return self.template.render(context)
           ~~~~~~~~~~~~~~~~~~~~^^^^^^^^^
  File "C:\Users\DELL\AppData\Local\Programs\Python\Python314\Lib\site-packages\django\template\base.py", line 175, in render
    return self._render(context)
           ~~~~~~~~~~~~^^^^^^^^^
  File "C:\Users\DELL\AppData\Local\Programs\Python\Python314\Lib\site-packages\django\template\base.py", line 167, in _render
    return self.nodelist.render(context)
           ~~~~~~~~~~~~~~~~~~~~^^^^^^^^^
  File "C:\Users\DELL\AppData\Local\Programs\Python\Python314\Lib\site-packages\django\template\base.py", line 1005, in render
    return SafeString("".join([node.render_annotated(context) for node in self]))
                               ~~~~~~~~~~~~~~~~~~~~~^^^^^^^^^
  File "C:\Users\DELL\AppData\Local\Programs\Python\Python314\Lib\site-packages\django\template\base.py", line 966, in render_annotated
    return self.render(context)
           ~~~~~~~~~~~^^^^^^^^^
  File "C:\Users\DELL\AppData\Local\Programs\Python\Python314\Lib\site-packages\django\template\loader_tags.py", line 157, in render
    return compiled_parent._render(context)
           ~~~~~~~~~~~~~~~~~~~~~~~^^^^^^^^^
  File "C:\Users\DELL\AppData\Local\Programs\Python\Python314\Lib\site-packages\django\template\base.py", line 167, in _render
    return self.nodelist.render(context)
           ~~~~~~~~~~~~~~~~~~~~^^^^^^^^^
  File "C:\Users\DELL\AppData\Local\Programs\Python\Python314\Lib\site-packages\django\template\base.py", line 1005, in render
    return SafeString("".join([node.render_annotated(context) for node in self]))
                               ~~~~~~~~~~~~~~~~~~~~~^^^^^^^^^
  File "C:\Users\DELL\AppData\Local\Programs\Python\Python314\Lib\site-packages\django\template\base.py", line 966, in render_annotated
    return self.render(context)
           ~~~~~~~~~~~^^^^^^^^^
  File "C:\Users\DELL\AppData\Local\Programs\Python\Python314\Lib\site-packages\django\template\loader_tags.py", line 157, in render
    return compiled_parent._render(context)
           ~~~~~~~~~~~~~~~~~~~~~~~^^^^^^^^^
  File "C:\Users\DELL\AppData\Local\Programs\Python\Python314\Lib\site-packages\django\template\base.py", line 167, in _render
    return self.nodelist.render(context)
           ~~~~~~~~~~~~~~~~~~~~^^^^^^^^^
  File "C:\Users\DELL\AppData\Local\Programs\Python\Python314\Lib\site-packages\django\template\base.py", line 1005, in render
    return SafeString("".join([node.render_annotated(context) for node in self]))
                               ~~~~~~~~~~~~~~~~~~~~~^^^^^^^^^
  File "C:\Users\DELL\AppData\Local\Programs\Python\Python314\Lib\site-packages\django\template\base.py", line 966, in render_annotated
    return self.render(context)
           ~~~~~~~~~~~^^^^^^^^^
  File "C:\Users\DELL\AppData\Local\Programs\Python\Python314\Lib\site-packages\django\template\loader_tags.py", line 63, in render
    result = block.nodelist.render(context)
  File "C:\Users\DELL\AppData\Local\Programs\Python\Python314\Lib\site-packages\django\template\base.py", line 1005, in render
    return SafeString("".join([node.render_annotated(context) for node in self]))
                               ~~~~~~~~~~~~~~~~~~~~~^^^^^^^^^
  File "C:\Users\DELL\AppData\Local\Programs\Python\Python314\Lib\site-packages\django\template\base.py", line 966, in render_annotated
    return self.render(context)
           ~~~~~~~~~~~^^^^^^^^^
  File "C:\Users\DELL\AppData\Local\Programs\Python\Python314\Lib\site-packages\django\templatetags\static.py", line 116, in render
    url = self.url(context)
  File "C:\Users\DELL\AppData\Local\Programs\Python\Python314\Lib\site-packages\django\templatetags\static.py", line 113, in url
    return self.handle_simple(path)
           ~~~~~~~~~~~~~~~~~~^^^^^^
  File "C:\Users\DELL\AppData\Local\Programs\Python\Python314\Lib\site-packages\django\templatetags\static.py", line 129, in handle_simple
    return staticfiles_storage.url(path)
           ^^^^^^^^^^^^^^^^^^^^^^^
  File "C:\Users\DELL\AppData\Local\Programs\Python\Python314\Lib\site-packages\django\utils\functional.py", line 266, in inner
    self._setup()
    ~~~~~~~~~~~^^
  File "C:\Users\DELL\AppData\Local\Programs\Python\Python314\Lib\site-packages\django\contrib\staticfiles\storage.py", line 537, in _setup
    self._wrapped = storages[STATICFILES_STORAGE_ALIAS]
                    ~~~~~~~~^^^^^^^^^^^^^^^^^^^^^^^^^^^
  File "C:\Users\DELL\AppData\Local\Programs\Python\Python314\Lib\site-packages\django\core\files\storage\handler.py", line 43, in __getitem__
    storage = self.create_storage(params)
  File "C:\Users\DELL\AppData\Local\Programs\Python\Python314\Lib\site-packages\django\core\files\storage\handler.py", line 54, in create_storage
    raise InvalidStorageError(f"Could not find backend {backend!r}: {e}") from e
django.core.files.storage.handler.InvalidStorageError: Could not find backend 'whitenoise.storage.CompressedManifestStaticFilesStorage': No module named 'whitenoise'
INFO 2026-02-08 12:51:59,654 autoreload 7312 5752 C:\SRMS\fastresult_backend\backend\settings\base.py changed, reloading.
INFO 2026-02-08 12:51:59,966 autoreload 12852 11344 C:\SRMS\fastresult_backend\backend\settings\base.py changed, reloading.
INFO 2026-02-08 12:52:06,771 autoreload 6220 13200 Watching for file changes with StatReloader
INFO 2026-02-08 12:52:06,836 autoreload 11724 11820 Watching for file changes with StatReloader
ERROR 2026-02-08 12:52:50,971 log 11724 12272 Internal Server Error: /admin/accounts/user/add/
Traceback (most recent call last):
  File "C:\Users\DELL\AppData\Local\Programs\Python\Python314\Lib\site-packages\django\core\handlers\exception.py", line 55, in inner
    response = get_response(request)
  File "C:\Users\DELL\AppData\Local\Programs\Python\Python314\Lib\site-packages\django\core\handlers\base.py", line 220, in _get_response
    response = response.render()
  File "C:\Users\DELL\AppData\Local\Programs\Python\Python314\Lib\site-packages\django\template\response.py", line 111, in render
    self.content = self.rendered_content
                   ^^^^^^^^^^^^^^^^^^^^^
  File "C:\Users\DELL\AppData\Local\Programs\Python\Python314\Lib\site-packages\django\template\response.py", line 89, in rendered_content
    return template.render(context, self._request)
           ~~~~~~~~~~~~~~~^^^^^^^^^^^^^^^^^^^^^^^^
  File "C:\Users\DELL\AppData\Local\Programs\Python\Python314\Lib\site-packages\django\template\backends\django.py", line 61, in render
    return self.template.render(context)
           ~~~~~~~~~~~~~~~~~~~~^^^^^^^^^
  File "C:\Users\DELL\AppData\Local\Programs\Python\Python314\Lib\site-packages\django\template\base.py", line 175, in render
    return self._render(context)
           ~~~~~~~~~~~~^^^^^^^^^
  File "C:\Users\DELL\AppData\Local\Programs\Python\Python314\Lib\site-packages\django\template\base.py", line 167, in _render
    return self.nodelist.render(context)
           ~~~~~~~~~~~~~~~~~~~~^^^^^^^^^
  File "C:\Users\DELL\AppData\Local\Programs\Python\Python314\Lib\site-packages\django\template\base.py", line 1005, in render
    return SafeString("".join([node.render_annotated(context) for node in self]))
                               ~~~~~~~~~~~~~~~~~~~~~^^^^^^^^^
  File "C:\Users\DELL\AppData\Local\Programs\Python\Python314\Lib\site-packages\django\template\base.py", line 966, in render_annotated
    return self.render(context)
           ~~~~~~~~~~~^^^^^^^^^
  File "C:\Users\DELL\AppData\Local\Programs\Python\Python314\Lib\site-packages\django\template\loader_tags.py", line 157, in render
    return compiled_parent._render(context)
           ~~~~~~~~~~~~~~~~~~~~~~~^^^^^^^^^
  File "C:\Users\DELL\AppData\Local\Programs\Python\Python314\Lib\site-packages\django\template\base.py", line 167, in _render
    return self.nodelist.render(context)
           ~~~~~~~~~~~~~~~~~~~~^^^^^^^^^
  File "C:\Users\DELL\AppData\Local\Programs\Python\Python314\Lib\site-packages\django\template\base.py", line 1005, in render
    return SafeString("".join([node.render_annotated(context) for node in self]))
                               ~~~~~~~~~~~~~~~~~~~~~^^^^^^^^^
  File "C:\Users\DELL\AppData\Local\Programs\Python\Python314\Lib\site-packages\django\template\base.py", line 966, in render_annotated
    return self.render(context)
           ~~~~~~~~~~~^^^^^^^^^
  File "C:\Users\DELL\AppData\Local\Programs\Python\Python314\Lib\site-packages\django\template\loader_tags.py", line 157, in render
    return compiled_parent._render(context)
           ~~~~~~~~~~~~~~~~~~~~~~~^^^^^^^^^
  File "C:\Users\DELL\AppData\Local\Programs\Python\Python314\Lib\site-packages\django\template\base.py", line 167, in _render
    return self.nodelist.render(context)
           ~~~~~~~~~~~~~~~~~~~~^^^^^^^^^
  File "C:\Users\DELL\AppData\Local\Programs\Python\Python314\Lib\site-packages\django\template\base.py", line 1005, in render
    return SafeString("".join([node.render_annotated(context) for node in self]))
                               ~~~~~~~~~~~~~~~~~~~~~^^^^^^^^^
  File "C:\Users\DELL\AppData\Local\Programs\Python\Python314\Lib\site-packages\django\template\base.py", line 966, in render_annotated
    return self.render(context)
           ~~~~~~~~~~~^^^^^^^^^
  File "C:\Users\DELL\AppData\Local\Programs\Python\Python314\Lib\site-packages\django\template\loader_tags.py", line 63, in render
    result = block.nodelist.render(context)
  File "C:\Users\DELL\AppData\Local\Programs\Python\Python314\Lib\site-packages\django\template\base.py", line 1005, in render
    return SafeString("".join([node.render_annotated(context) for node in self]))
                               ~~~~~~~~~~~~~~~~~~~~~^^^^^^^^^
  File "C:\Users\DELL\AppData\Local\Programs\Python\Python314\Lib\site-packages\django\template\base.py", line 966, in render_annotated
    return self.render(context)
           ~~~~~~~~~~~^^^^^^^^^
  File "C:\Users\DELL\AppData\Local\Programs\Python\Python314\Lib\site-packages\django\template\loader_tags.py", line 63, in render
    result = block.nodelist.render(context)
  File "C:\Users\DELL\AppData\Local\Programs\Python\Python314\Lib\site-packages\django\template\base.py", line 1005, in render
    return SafeString("".join([node.render_annotated(context) for node in self]))
                               ~~~~~~~~~~~~~~~~~~~~~^^^^^^^^^
  File "C:\Users\DELL\AppData\Local\Programs\Python\Python314\Lib\site-packages\django\template\base.py", line 966, in render_annotated
    return self.render(context)
           ~~~~~~~~~~~^^^^^^^^^
  File "C:\Users\DELL\AppData\Local\Programs\Python\Python314\Lib\site-packages\django\contrib\admin\templatetags\base.py", line 45, in render
    return super().render(context)
           ~~~~~~~~~~~~~~^^^^^^^^^
  File "C:\Users\DELL\AppData\Local\Programs\Python\Python314\Lib\site-packages\django\template\library.py", line 271, in render
    new_context = context.new(_dict)
  File "C:\Users\DELL\AppData\Local\Programs\Python\Python314\Lib\site-packages\django\template\context.py", line 265, in new
    new_context = super().new(values)
  File "C:\Users\DELL\AppData\Local\Programs\Python\Python314\Lib\site-packages\django\template\context.py", line 110, in new
    new_context = copy(self)
  File "C:\Users\DELL\AppData\Local\Programs\Python\Python314\Lib\copy.py", line 82, in copy
    return copier(x)
  File "C:\Users\DELL\AppData\Local\Programs\Python\Python314\Lib\site-packages\django\template\context.py", line 158, in __copy__
    duplicate = super().__copy__()
  File "C:\Users\DELL\AppData\Local\Programs\Python\Python314\Lib\site-packages\django\template\context.py", line 39, in __copy__
    duplicate.dicts = self.dicts[:]
    ^^^^^^^^^^^^^^^
AttributeError: 'super' object has no attribute 'dicts' and no __dict__ for setting new attributes
INFO 2026-02-08 12:53:22,238 autoreload 6220 13200 C:\SRMS\fastresult_backend\backend\settings\base.py changed, reloading.
INFO 2026-02-08 12:53:22,780 autoreload 11724 11820 C:\SRMS\fastresult_backend\backend\settings\base.py changed, reloading.
INFO 2026-02-08 12:53:27,344 autoreload 6308 12104 Watching for file changes with StatReloader
INFO 2026-02-08 12:53:27,465 autoreload 12124 12352 Watching for file changes with StatReloader
INFO 2026-02-08 12:54:25,540 autoreload 6308 12104 C:\SRMS\fastresult_backend\accounts\admin.py changed, reloading.
INFO 2026-02-08 12:54:25,845 autoreload 12124 12352 C:\SRMS\fastresult_backend\accounts\admin.py changed, reloading.
INFO 2026-02-08 12:54:34,019 autoreload 12752 1916 Watching for file changes with StatReloader
INFO 2026-02-08 12:54:34,183 autoreload 11856 1936 Watching for file changes with StatReloader
INFO 2026-02-08 12:54:44,174 autoreload 12752 1916 C:\SRMS\fastresult_backend\accounts\models.py changed, reloading.
INFO 2026-02-08 12:54:44,692 autoreload 11856 1936 C:\SRMS\fastresult_backend\accounts\models.py changed, reloading.
INFO 2026-02-08 12:54:58,422 autoreload 13168 11540 Watching for file changes with StatReloader
INFO 2026-02-08 12:54:58,468 autoreload 8212 13024 Watching for file changes with StatReloader
ERROR 2026-02-08 12:55:07,842 log 13168 5752 Internal Server Error: /admin/accounts/user/add/
Traceback (most recent call last):
  File "C:\Users\DELL\AppData\Local\Programs\Python\Python314\Lib\site-packages\django\core\handlers\exception.py", line 55, in inner
    response = get_response(request)
  File "C:\Users\DELL\AppData\Local\Programs\Python\Python314\Lib\site-packages\django\core\handlers\base.py", line 220, in _get_response
    response = response.render()
  File "C:\Users\DELL\AppData\Local\Programs\Python\Python314\Lib\site-packages\django\template\response.py", line 111, in render
    self.content = self.rendered_content
                   ^^^^^^^^^^^^^^^^^^^^^
  File "C:\Users\DELL\AppData\Local\Programs\Python\Python314\Lib\site-packages\django\template\response.py", line 89, in rendered_content
    return template.render(context, self._request)
           ~~~~~~~~~~~~~~~^^^^^^^^^^^^^^^^^^^^^^^^
  File "C:\Users\DELL\AppData\Local\Programs\Python\Python314\Lib\site-packages\django\template\backends\django.py", line 61, in render
    return self.template.render(context)
           ~~~~~~~~~~~~~~~~~~~~^^^^^^^^^
  File "C:\Users\DELL\AppData\Local\Programs\Python\Python314\Lib\site-packages\django\template\base.py", line 175, in render
    return self._render(context)
           ~~~~~~~~~~~~^^^^^^^^^
  File "C:\Users\DELL\AppData\Local\Programs\Python\Python314\Lib\site-packages\django\template\base.py", line 167, in _render
    return self.nodelist.render(context)
           ~~~~~~~~~~~~~~~~~~~~^^^^^^^^^
  File "C:\Users\DELL\AppData\Local\Programs\Python\Python314\Lib\site-packages\django\template\base.py", line 1005, in render
    return SafeString("".join([node.render_annotated(context) for node in self]))
                               ~~~~~~~~~~~~~~~~~~~~~^^^^^^^^^
  File "C:\Users\DELL\AppData\Local\Programs\Python\Python314\Lib\site-packages\django\template\base.py", line 966, in render_annotated
    return self.render(context)
           ~~~~~~~~~~~^^^^^^^^^
  File "C:\Users\DELL\AppData\Local\Programs\Python\Python314\Lib\site-packages\django\template\loader_tags.py", line 157, in render
    return compiled_parent._render(context)
           ~~~~~~~~~~~~~~~~~~~~~~~^^^^^^^^^
  File "C:\Users\DELL\AppData\Local\Programs\Python\Python314\Lib\site-packages\django\template\base.py", line 167, in _render
    return self.nodelist.render(context)
           ~~~~~~~~~~~~~~~~~~~~^^^^^^^^^
  File "C:\Users\DELL\AppData\Local\Programs\Python\Python314\Lib\site-packages\django\template\base.py", line 1005, in render
    return SafeString("".join([node.render_annotated(context) for node in self]))
                               ~~~~~~~~~~~~~~~~~~~~~^^^^^^^^^
  File "C:\Users\DELL\AppData\Local\Programs\Python\Python314\Lib\site-packages\django\template\base.py", line 966, in render_annotated
    return self.render(context)
           ~~~~~~~~~~~^^^^^^^^^
  File "C:\Users\DELL\AppData\Local\Programs\Python\Python314\Lib\site-packages\django\template\loader_tags.py", line 157, in render
    return compiled_parent._render(context)
           ~~~~~~~~~~~~~~~~~~~~~~~^^^^^^^^^
  File "C:\Users\DELL\AppData\Local\Programs\Python\Python314\Lib\site-packages\django\template\base.py", line 167, in _render
    return self.nodelist.render(context)
           ~~~~~~~~~~~~~~~~~~~~^^^^^^^^^
  File "C:\Users\DELL\AppData\Local\Programs\Python\Python314\Lib\site-packages\django\template\base.py", line 1005, in render
    return SafeString("".join([node.render_annotated(context) for node in self]))
                               ~~~~~~~~~~~~~~~~~~~~~^^^^^^^^^
  File "C:\Users\DELL\AppData\Local\Programs\Python\Python314\Lib\site-packages\django\template\base.py", line 966, in render_annotated
    return self.render(context)
           ~~~~~~~~~~~^^^^^^^^^
  File "C:\Users\DELL\AppData\Local\Programs\Python\Python314\Lib\site-packages\django\template\loader_tags.py", line 157, in render
    return compiled_parent._render(context)
           ~~~~~~~~~~~~~~~~~~~~~~~^^^^^^^^^
  File "C:\Users\DELL\AppData\Local\Programs\Python\Python314\Lib\site-packages\django\template\base.py", line 167, in _render
    return self.nodelist.render(context)
           ~~~~~~~~~~~~~~~~~~~~^^^^^^^^^
  File "C:\Users\DELL\AppData\Local\Programs\Python\Python314\Lib\site-packages\django\template\base.py", line 1005, in render
    return SafeString("".join([node.render_annotated(context) for node in self]))
                               ~~~~~~~~~~~~~~~~~~~~~^^^^^^^^^
  File "C:\Users\DELL\AppData\Local\Programs\Python\Python314\Lib\site-packages\django\template\base.py", line 966, in render_annotated
    return self.render(context)
           ~~~~~~~~~~~^^^^^^^^^
  File "C:\Users\DELL\AppData\Local\Programs\Python\Python314\Lib\site-packages\django\template\loader_tags.py", line 63, in render
    result = block.nodelist.render(context)
  File "C:\Users\DELL\AppData\Local\Programs\Python\Python314\Lib\site-packages\django\template\base.py", line 1005, in render
    return SafeString("".join([node.render_annotated(context) for node in self]))
                               ~~~~~~~~~~~~~~~~~~~~~^^^^^^^^^
  File "C:\Users\DELL\AppData\Local\Programs\Python\Python314\Lib\site-packages\django\template\base.py", line 966, in render_annotated
    return self.render(context)
           ~~~~~~~~~~~^^^^^^^^^
  File "C:\Users\DELL\AppData\Local\Programs\Python\Python314\Lib\site-packages\django\template\loader_tags.py", line 63, in render
    result = block.nodelist.render(context)
  File "C:\Users\DELL\AppData\Local\Programs\Python\Python314\Lib\site-packages\django\template\base.py", line 1005, in render
    return SafeString("".join([node.render_annotated(context) for node in self]))
                               ~~~~~~~~~~~~~~~~~~~~~^^^^^^^^^
  File "C:\Users\DELL\AppData\Local\Programs\Python\Python314\Lib\site-packages\django\template\base.py", line 966, in render_annotated
    return self.render(context)
           ~~~~~~~~~~~^^^^^^^^^
  File "C:\Users\DELL\AppData\Local\Programs\Python\Python314\Lib\site-packages\django\contrib\admin\templatetags\base.py", line 45, in render
    return super().render(context)
           ~~~~~~~~~~~~~~^^^^^^^^^
  File "C:\Users\DELL\AppData\Local\Programs\Python\Python314\Lib\site-packages\django\template\library.py", line 271, in render
    new_context = context.new(_dict)
  File "C:\Users\DELL\AppData\Local\Programs\Python\Python314\Lib\site-packages\django\template\context.py", line 265, in new
    new_context = super().new(values)
  File "C:\Users\DELL\AppData\Local\Programs\Python\Python314\Lib\site-packages\django\template\context.py", line 110, in new
    new_context = copy(self)
  File "C:\Users\DELL\AppData\Local\Programs\Python\Python314\Lib\copy.py", line 82, in copy
    return copier(x)
  File "C:\Users\DELL\AppData\Local\Programs\Python\Python314\Lib\site-packages\django\template\context.py", line 158, in __copy__
    duplicate = super().__copy__()
  File "C:\Users\DELL\AppData\Local\Programs\Python\Python314\Lib\site-packages\django\template\context.py", line 39, in __copy__
    duplicate.dicts = self.dicts[:]
    ^^^^^^^^^^^^^^^
AttributeError: 'super' object has no attribute 'dicts' and no __dict__ for setting new attributes
INFO 2026-02-08 12:55:33,115 autoreload 13168 11540 C:\SRMS\fastresult_backend\accounts\models.py changed, reloading.
INFO 2026-02-08 12:55:34,319 autoreload 8212 13024 C:\SRMS\fastresult_backend\accounts\admin.py changed, reloading.
INFO 2026-02-08 12:55:38,038 autoreload 4584 7380 Watching for file changes with StatReloader
INFO 2026-02-08 12:55:38,278 autoreload 6496 12212 Watching for file changes with StatReloader
INFO 2026-02-08 12:56:40,819 autoreload 6496 12212 C:\Users\DELL\AppData\Local\Programs\Python\Python314\Lib\site-packages\django\shortcuts.py changed, reloading.
INFO 2026-02-08 12:56:41,048 autoreload 4584 7380 C:\Users\DELL\AppData\Local\Programs\Python\Python314\Lib\site-packages\django\conf\locale\__init__.py changed, reloading.
INFO 2026-02-08 13:05:57,928 autoreload 11664 3356 Watching for file changes with StatReloader
INFO 2026-02-08 18:55:11,580 autoreload 5664 12872 Watching for file changes with StatReloader
INFO 2026-02-08 19:08:26,185 autoreload 5664 12872 C:\SRMS\fastresult_backend\backend\settings\base.py changed, reloading.
INFO 2026-02-08 19:08:30,486 autoreload 9516 7172 Watching for file changes with StatReloader
INFO 2026-02-08 19:08:53,015 autoreload 9516 7172 C:\SRMS\fastresult_backend\backend\settings\base.py changed, reloading.
INFO 2026-02-08 19:08:56,240 autoreload 11516 7248 Watching for file changes with StatReloader
ERROR 2026-02-08 19:12:24,587 log 11516 9184 Internal Server Error: /admin/
Traceback (most recent call last):
  File "C:\Users\DELL\AppData\Local\Programs\Python\Python314\Lib\site-packages\django\core\handlers\exception.py", line 55, in inner
    response = get_response(request)
  File "C:\Users\DELL\AppData\Local\Programs\Python\Python314\Lib\site-packages\django\core\handlers\base.py", line 221, in _get_response
    response = response.render()
  File "C:\Users\DELL\AppData\Local\Programs\Python\Python314\Lib\site-packages\django\template\response.py", line 114, in render
    self.content = self.rendered_content
                   ^^^^^^^^^^^^^^^^^^^^^
  File "C:\Users\DELL\AppData\Local\Programs\Python\Python314\Lib\site-packages\django\template\response.py", line 92, in rendered_content
    return template.render(context, self._request)
           ~~~~~~~~~~~~~~~^^^^^^^^^^^^^^^^^^^^^^^^
  File "C:\Users\DELL\AppData\Local\Programs\Python\Python314\Lib\site-packages\django\template\backends\django.py", line 107, in render
    return self.template.render(context)
           ~~~~~~~~~~~~~~~~~~~~^^^^^^^^^
  File "C:\Users\DELL\AppData\Local\Programs\Python\Python314\Lib\site-packages\django\template\base.py", line 174, in render
    return self._render(context)
           ~~~~~~~~~~~~^^^^^^^^^
  File "C:\Users\DELL\AppData\Local\Programs\Python\Python314\Lib\site-packages\django\template\base.py", line 166, in _render
    return self.nodelist.render(context)
           ~~~~~~~~~~~~~~~~~~~~^^^^^^^^^
  File "C:\Users\DELL\AppData\Local\Programs\Python\Python314\Lib\site-packages\django\template\base.py", line 1091, in render
    return SafeString("".join([node.render_annotated(context) for node in self]))
                               ~~~~~~~~~~~~~~~~~~~~~^^^^^^^^^
  File "C:\Users\DELL\AppData\Local\Programs\Python\Python314\Lib\site-packages\django\template\base.py", line 1052, in render_annotated
    return self.render(context)
           ~~~~~~~~~~~^^^^^^^^^
  File "C:\Users\DELL\AppData\Local\Programs\Python\Python314\Lib\site-packages\django\template\loader_tags.py", line 160, in render
    return compiled_parent._render(context)
           ~~~~~~~~~~~~~~~~~~~~~~~^^^^^^^^^
  File "C:\Users\DELL\AppData\Local\Programs\Python\Python314\Lib\site-packages\django\template\base.py", line 166, in _render
    return self.nodelist.render(context)
           ~~~~~~~~~~~~~~~~~~~~^^^^^^^^^
  File "C:\Users\DELL\AppData\Local\Programs\Python\Python314\Lib\site-packages\django\template\base.py", line 1091, in render
    return SafeString("".join([node.render_annotated(context) for node in self]))
                               ~~~~~~~~~~~~~~~~~~~~~^^^^^^^^^
  File "C:\Users\DELL\AppData\Local\Programs\Python\Python314\Lib\site-packages\django\template\base.py", line 1052, in render_annotated
    return self.render(context)
           ~~~~~~~~~~~^^^^^^^^^
  File "C:\Users\DELL\AppData\Local\Programs\Python\Python314\Lib\site-packages\django\template\loader_tags.py", line 160, in render
    return compiled_parent._render(context)
           ~~~~~~~~~~~~~~~~~~~~~~~^^^^^^^^^
  File "C:\Users\DELL\AppData\Local\Programs\Python\Python314\Lib\site-packages\django\template\base.py", line 166, in _render
    return self.nodelist.render(context)
           ~~~~~~~~~~~~~~~~~~~~^^^^^^^^^
  File "C:\Users\DELL\AppData\Local\Programs\Python\Python314\Lib\site-packages\django\template\base.py", line 1091, in render
    return SafeString("".join([node.render_annotated(context) for node in self]))
                               ~~~~~~~~~~~~~~~~~~~~~^^^^^^^^^
  File "C:\Users\DELL\AppData\Local\Programs\Python\Python314\Lib\site-packages\django\template\base.py", line 1052, in render_annotated
    return self.render(context)
           ~~~~~~~~~~~^^^^^^^^^
  File "C:\Users\DELL\AppData\Local\Programs\Python\Python314\Lib\site-packages\django\template\loader_tags.py", line 160, in render
    return compiled_parent._render(context)
           ~~~~~~~~~~~~~~~~~~~~~~~^^^^^^^^^
  File "C:\Users\DELL\AppData\Local\Programs\Python\Python314\Lib\site-packages\django\template\base.py", line 166, in _render
    return self.nodelist.render(context)
           ~~~~~~~~~~~~~~~~~~~~^^^^^^^^^
  File "C:\Users\DELL\AppData\Local\Programs\Python\Python314\Lib\site-packages\django\template\base.py", line 1091, in render
    return SafeString("".join([node.render_annotated(context) for node in self]))
                               ~~~~~~~~~~~~~~~~~~~~~^^^^^^^^^
  File "C:\Users\DELL\AppData\Local\Programs\Python\Python314\Lib\site-packages\django\template\base.py", line 1052, in render_annotated
    return self.render(context)
           ~~~~~~~~~~~^^^^^^^^^
  File "C:\Users\DELL\AppData\Local\Programs\Python\Python314\Lib\site-packages\django\template\loader_tags.py", line 66, in render
    result = block.nodelist.render(context)
  File "C:\Users\DELL\AppData\Local\Programs\Python\Python314\Lib\site-packages\django\template\base.py", line 1091, in render
    return SafeString("".join([node.render_annotated(context) for node in self]))
                               ~~~~~~~~~~~~~~~~~~~~~^^^^^^^^^
  File "C:\Users\DELL\AppData\Local\Programs\Python\Python314\Lib\site-packages\django\template\base.py", line 1052, in render_annotated
    return self.render(context)
           ~~~~~~~~~~~^^^^^^^^^
  File "C:\Users\DELL\AppData\Local\Programs\Python\Python314\Lib\site-packages\django\template\defaulttags.py", line 511, in render
    url = reverse(view_name, args=args, kwargs=kwargs, current_app=current_app)
  File "C:\Users\DELL\AppData\Local\Programs\Python\Python314\Lib\site-packages\django\urls\base.py", line 98, in reverse
    resolved_url = resolver._reverse_with_prefix(view, prefix, *args, **kwargs)
  File "C:\Users\DELL\AppData\Local\Programs\Python\Python314\Lib\site-packages\django\urls\resolvers.py", line 842, in _reverse_with_prefix
    raise NoReverseMatch(msg)
django.urls.exceptions.NoReverseMatch: Reverse for 'auth_user_changelist' not found. 'auth_user_changelist' is not a valid view function or pattern name.
ERROR 2026-02-08 19:14:19,138 log 11516 9184 Internal Server Error: /admin/
Traceback (most recent call last):
  File "C:\Users\DELL\AppData\Local\Programs\Python\Python314\Lib\site-packages\django\core\handlers\exception.py", line 55, in inner
    response = get_response(request)
  File "C:\Users\DELL\AppData\Local\Programs\Python\Python314\Lib\site-packages\django\core\handlers\base.py", line 221, in _get_response
    response = response.render()
  File "C:\Users\DELL\AppData\Local\Programs\Python\Python314\Lib\site-packages\django\template\response.py", line 114, in render
    self.content = self.rendered_content
                   ^^^^^^^^^^^^^^^^^^^^^
  File "C:\Users\DELL\AppData\Local\Programs\Python\Python314\Lib\site-packages\django\template\response.py", line 92, in rendered_content
    return template.render(context, self._request)
           ~~~~~~~~~~~~~~~^^^^^^^^^^^^^^^^^^^^^^^^
  File "C:\Users\DELL\AppData\Local\Programs\Python\Python314\Lib\site-packages\django\template\backends\django.py", line 107, in render
    return self.template.render(context)
           ~~~~~~~~~~~~~~~~~~~~^^^^^^^^^
  File "C:\Users\DELL\AppData\Local\Programs\Python\Python314\Lib\site-packages\django\template\base.py", line 174, in render
    return self._render(context)
           ~~~~~~~~~~~~^^^^^^^^^
  File "C:\Users\DELL\AppData\Local\Programs\Python\Python314\Lib\site-packages\django\template\base.py", line 166, in _render
    return self.nodelist.render(context)
           ~~~~~~~~~~~~~~~~~~~~^^^^^^^^^
  File "C:\Users\DELL\AppData\Local\Programs\Python\Python314\Lib\site-packages\django\template\base.py", line 1091, in render
    return SafeString("".join([node.render_annotated(context) for node in self]))
                               ~~~~~~~~~~~~~~~~~~~~~^^^^^^^^^
  File "C:\Users\DELL\AppData\Local\Programs\Python\Python314\Lib\site-packages\django\template\base.py", line 1052, in render_annotated
    return self.render(context)
           ~~~~~~~~~~~^^^^^^^^^
  File "C:\Users\DELL\AppData\Local\Programs\Python\Python314\Lib\site-packages\django\template\loader_tags.py", line 160, in render
    return compiled_parent._render(context)
           ~~~~~~~~~~~~~~~~~~~~~~~^^^^^^^^^
  File "C:\Users\DELL\AppData\Local\Programs\Python\Python314\Lib\site-packages\django\template\base.py", line 166, in _render
    return self.nodelist.render(context)
           ~~~~~~~~~~~~~~~~~~~~^^^^^^^^^
  File "C:\Users\DELL\AppData\Local\Programs\Python\Python314\Lib\site-packages\django\template\base.py", line 1091, in render
    return SafeString("".join([node.render_annotated(context) for node in self]))
                               ~~~~~~~~~~~~~~~~~~~~~^^^^^^^^^
  File "C:\Users\DELL\AppData\Local\Programs\Python\Python314\Lib\site-packages\django\template\base.py", line 1052, in render_annotated
    return self.render(context)
           ~~~~~~~~~~~^^^^^^^^^
  File "C:\Users\DELL\AppData\Local\Programs\Python\Python314\Lib\site-packages\django\template\loader_tags.py", line 160, in render
    return compiled_parent._render(context)
           ~~~~~~~~~~~~~~~~~~~~~~~^^^^^^^^^
  File "C:\Users\DELL\AppData\Local\Programs\Python\Python314\Lib\site-packages\django\template\base.py", line 166, in _render
    return self.nodelist.render(context)
           ~~~~~~~~~~~~~~~~~~~~^^^^^^^^^
  File "C:\Users\DELL\AppData\Local\Programs\Python\Python314\Lib\site-packages\django\template\base.py", line 1091, in render
    return SafeString("".join([node.render_annotated(context) for node in self]))
                               ~~~~~~~~~~~~~~~~~~~~~^^^^^^^^^
  File "C:\Users\DELL\AppData\Local\Programs\Python\Python314\Lib\site-packages\django\template\base.py", line 1052, in render_annotated
    return self.render(context)
           ~~~~~~~~~~~^^^^^^^^^
  File "C:\Users\DELL\AppData\Local\Programs\Python\Python314\Lib\site-packages\django\template\loader_tags.py", line 160, in render
    return compiled_parent._render(context)
           ~~~~~~~~~~~~~~~~~~~~~~~^^^^^^^^^
  File "C:\Users\DELL\AppData\Local\Programs\Python\Python314\Lib\site-packages\django\template\base.py", line 166, in _render
    return self.nodelist.render(context)
           ~~~~~~~~~~~~~~~~~~~~^^^^^^^^^
  File "C:\Users\DELL\AppData\Local\Programs\Python\Python314\Lib\site-packages\django\template\base.py", line 1091, in render
    return SafeString("".join([node.render_annotated(context) for node in self]))
                               ~~~~~~~~~~~~~~~~~~~~~^^^^^^^^^
  File "C:\Users\DELL\AppData\Local\Programs\Python\Python314\Lib\site-packages\django\template\base.py", line 1052, in render_annotated
    return self.render(context)
           ~~~~~~~~~~~^^^^^^^^^
  File "C:\Users\DELL\AppData\Local\Programs\Python\Python314\Lib\site-packages\django\template\loader_tags.py", line 66, in render
    result = block.nodelist.render(context)
  File "C:\Users\DELL\AppData\Local\Programs\Python\Python314\Lib\site-packages\django\template\base.py", line 1091, in render
    return SafeString("".join([node.render_annotated(context) for node in self]))
                               ~~~~~~~~~~~~~~~~~~~~~^^^^^^^^^
  File "C:\Users\DELL\AppData\Local\Programs\Python\Python314\Lib\site-packages\django\template\base.py", line 1052, in render_annotated
    return self.render(context)
           ~~~~~~~~~~~^^^^^^^^^
  File "C:\Users\DELL\AppData\Local\Programs\Python\Python314\Lib\site-packages\django\template\defaulttags.py", line 511, in render
    url = reverse(view_name, args=args, kwargs=kwargs, current_app=current_app)
  File "C:\Users\DELL\AppData\Local\Programs\Python\Python314\Lib\site-packages\django\urls\base.py", line 98, in reverse
    resolved_url = resolver._reverse_with_prefix(view, prefix, *args, **kwargs)
  File "C:\Users\DELL\AppData\Local\Programs\Python\Python314\Lib\site-packages\django\urls\resolvers.py", line 842, in _reverse_with_prefix
    raise NoReverseMatch(msg)
django.urls.exceptions.NoReverseMatch: Reverse for 'auth_user_changelist' not found. 'auth_user_changelist' is not a valid view function or pattern name.
INFO 2026-02-08 19:19:33,028 autoreload 6860 6796 Watching for file changes with StatReloader
ERROR 2026-02-08 19:19:40,253 log 6860 5596 Internal Server Error: /admin/
Traceback (most recent call last):
  File "C:\Users\DELL\AppData\Local\Programs\Python\Python314\Lib\site-packages\django\core\handlers\exception.py", line 55, in inner
    response = get_response(request)
  File "C:\Users\DELL\AppData\Local\Programs\Python\Python314\Lib\site-packages\django\core\handlers\base.py", line 221, in _get_response
    response = response.render()
  File "C:\Users\DELL\AppData\Local\Programs\Python\Python314\Lib\site-packages\django\template\response.py", line 114, in render
    self.content = self.rendered_content
                   ^^^^^^^^^^^^^^^^^^^^^
  File "C:\Users\DELL\AppData\Local\Programs\Python\Python314\Lib\site-packages\django\template\response.py", line 92, in rendered_content
    return template.render(context, self._request)
           ~~~~~~~~~~~~~~~^^^^^^^^^^^^^^^^^^^^^^^^
  File "C:\Users\DELL\AppData\Local\Programs\Python\Python314\Lib\site-packages\django\template\backends\django.py", line 107, in render
    return self.template.render(context)
           ~~~~~~~~~~~~~~~~~~~~^^^^^^^^^
  File "C:\Users\DELL\AppData\Local\Programs\Python\Python314\Lib\site-packages\django\template\base.py", line 174, in render
    return self._render(context)
           ~~~~~~~~~~~~^^^^^^^^^
  File "C:\Users\DELL\AppData\Local\Programs\Python\Python314\Lib\site-packages\django\template\base.py", line 166, in _render
    return self.nodelist.render(context)
           ~~~~~~~~~~~~~~~~~~~~^^^^^^^^^
  File "C:\Users\DELL\AppData\Local\Programs\Python\Python314\Lib\site-packages\django\template\base.py", line 1091, in render
    return SafeString("".join([node.render_annotated(context) for node in self]))
                               ~~~~~~~~~~~~~~~~~~~~~^^^^^^^^^
  File "C:\Users\DELL\AppData\Local\Programs\Python\Python314\Lib\site-packages\django\template\base.py", line 1052, in render_annotated
    return self.render(context)
           ~~~~~~~~~~~^^^^^^^^^
  File "C:\Users\DELL\AppData\Local\Programs\Python\Python314\Lib\site-packages\django\template\loader_tags.py", line 160, in render
    return compiled_parent._render(context)
           ~~~~~~~~~~~~~~~~~~~~~~~^^^^^^^^^
  File "C:\Users\DELL\AppData\Local\Programs\Python\Python314\Lib\site-packages\django\template\base.py", line 166, in _render
    return self.nodelist.render(context)
           ~~~~~~~~~~~~~~~~~~~~^^^^^^^^^
  File "C:\Users\DELL\AppData\Local\Programs\Python\Python314\Lib\site-packages\django\template\base.py", line 1091, in render
    return SafeString("".join([node.render_annotated(context) for node in self]))
                               ~~~~~~~~~~~~~~~~~~~~~^^^^^^^^^
  File "C:\Users\DELL\AppData\Local\Programs\Python\Python314\Lib\site-packages\django\template\base.py", line 1052, in render_annotated
    return self.render(context)
           ~~~~~~~~~~~^^^^^^^^^
  File "C:\Users\DELL\AppData\Local\Programs\Python\Python314\Lib\site-packages\django\template\loader_tags.py", line 160, in render
    return compiled_parent._render(context)
           ~~~~~~~~~~~~~~~~~~~~~~~^^^^^^^^^
  File "C:\Users\DELL\AppData\Local\Programs\Python\Python314\Lib\site-packages\django\template\base.py", line 166, in _render
    return self.nodelist.render(context)
           ~~~~~~~~~~~~~~~~~~~~^^^^^^^^^
  File "C:\Users\DELL\AppData\Local\Programs\Python\Python314\Lib\site-packages\django\template\base.py", line 1091, in render
    return SafeString("".join([node.render_annotated(context) for node in self]))
                               ~~~~~~~~~~~~~~~~~~~~~^^^^^^^^^
  File "C:\Users\DELL\AppData\Local\Programs\Python\Python314\Lib\site-packages\django\template\base.py", line 1052, in render_annotated
    return self.render(context)
           ~~~~~~~~~~~^^^^^^^^^
  File "C:\Users\DELL\AppData\Local\Programs\Python\Python314\Lib\site-packages\django\template\loader_tags.py", line 160, in render
    return compiled_parent._render(context)
           ~~~~~~~~~~~~~~~~~~~~~~~^^^^^^^^^
  File "C:\Users\DELL\AppData\Local\Programs\Python\Python314\Lib\site-packages\django\template\base.py", line 166, in _render
    return self.nodelist.render(context)
           ~~~~~~~~~~~~~~~~~~~~^^^^^^^^^
  File "C:\Users\DELL\AppData\Local\Programs\Python\Python314\Lib\site-packages\django\template\base.py", line 1091, in render
    return SafeString("".join([node.render_annotated(context) for node in self]))
                               ~~~~~~~~~~~~~~~~~~~~~^^^^^^^^^
  File "C:\Users\DELL\AppData\Local\Programs\Python\Python314\Lib\site-packages\django\template\base.py", line 1052, in render_annotated
    return self.render(context)
           ~~~~~~~~~~~^^^^^^^^^
  File "C:\Users\DELL\AppData\Local\Programs\Python\Python314\Lib\site-packages\django\template\loader_tags.py", line 66, in render
    result = block.nodelist.render(context)
  File "C:\Users\DELL\AppData\Local\Programs\Python\Python314\Lib\site-packages\django\template\base.py", line 1091, in render
    return SafeString("".join([node.render_annotated(context) for node in self]))
                               ~~~~~~~~~~~~~~~~~~~~~^^^^^^^^^
  File "C:\Users\DELL\AppData\Local\Programs\Python\Python314\Lib\site-packages\django\template\base.py", line 1052, in render_annotated
    return self.render(context)
           ~~~~~~~~~~~^^^^^^^^^
  File "C:\Users\DELL\AppData\Local\Programs\Python\Python314\Lib\site-packages\django\template\defaulttags.py", line 511, in render
    url = reverse(view_name, args=args, kwargs=kwargs, current_app=current_app)
  File "C:\Users\DELL\AppData\Local\Programs\Python\Python314\Lib\site-packages\django\urls\base.py", line 98, in reverse
    resolved_url = resolver._reverse_with_prefix(view, prefix, *args, **kwargs)
  File "C:\Users\DELL\AppData\Local\Programs\Python\Python314\Lib\site-packages\django\urls\resolvers.py", line 842, in _reverse_with_prefix
    raise NoReverseMatch(msg)
django.urls.exceptions.NoReverseMatch: Reverse for 'auth_user_changelist' not found. 'auth_user_changelist' is not a valid view function or pattern name.
INFO 2026-02-08 19:30:14,560 autoreload 6860 6796 C:\SRMS\fastresult_backend\backend\urls.py changed, reloading.
INFO 2026-02-08 19:30:18,649 autoreload 2748 8180 Watching for file changes with StatReloader
INFO 2026-02-08 19:30:31,485 autoreload 13304 11540 Watching for file changes with StatReloader
INFO 2026-02-08 19:31:18,335 autoreload 13304 11540 C:\SRMS\fastresult_backend\backend\urls.py changed, reloading.
INFO 2026-02-08 19:31:18,344 autoreload 2748 8180 C:\SRMS\fastresult_backend\backend\urls.py changed, reloading.
INFO 2026-02-08 19:31:22,020 autoreload 1180 11324 Watching for file changes with StatReloader
INFO 2026-02-08 19:31:22,091 autoreload 12512 5544 Watching for file changes with StatReloader
INFO 2026-02-08 19:32:04,053 autoreload 12512 5544 C:\SRMS\fastresult_backend\backend\urls.py changed, reloading.
INFO 2026-02-08 19:32:07,301 autoreload 5124 9932 Watching for file changes with StatReloader
INFO 2026-02-08 19:32:27,947 autoreload 412 13140 Watching for file changes with StatReloader
INFO 2026-02-08 19:33:55,407 autoreload 5124 9932 C:\SRMS\fastresult_backend\backend\urls.py changed, reloading.
INFO 2026-02-08 19:33:57,314 autoreload 10636 5192 Watching for file changes with StatReloader
INFO 2026-02-08 19:34:22,269 autoreload 12088 7528 Watching for file changes with StatReloader
INFO 2026-02-08 19:57:08,711 autoreload 10636 5192 C:\SRMS\fastresult_backend\backend\urls.py changed, reloading.
INFO 2026-02-08 19:57:11,839 autoreload 8232 12916 Watching for file changes with StatReloader
INFO 2026-02-08 19:57:42,588 autoreload 8232 12916 C:\SRMS\fastresult_backend\backend\urls.py changed, reloading.
INFO 2026-02-08 19:57:45,627 autoreload 13948 14124 Watching for file changes with StatReloader
WARNING 2026-02-08 20:01:59,503 log 13948 10256 Not Found: /api/v1/systemadmin/summary/
WARNING 2026-02-08 20:02:59,466 log 13948 10256 Not Found: /api/v1/systemadmin/summary/
WARNING 2026-02-08 20:03:59,472 log 13948 5572 Not Found: /api/v1/systemadmin/summary/
WARNING 2026-02-08 20:04:59,469 log 13948 5572 Not Found: /api/v1/systemadmin/summary/
WARNING 2026-02-08 20:05:59,794 log 13948 5572 Not Found: /api/v1/systemadmin/summary/
WARNING 2026-02-08 20:06:59,476 log 13948 5572 Not Found: /api/v1/systemadmin/summary/
WARNING 2026-02-08 20:07:59,470 log 13948 5572 Not Found: /api/v1/systemadmin/summary/
WARNING 2026-02-08 20:08:59,475 log 13948 5572 Not Found: /api/v1/systemadmin/summary/
WARNING 2026-02-08 20:10:00,478 log 13948 5572 Not Found: /api/v1/systemadmin/summary/
WARNING 2026-02-08 20:11:01,463 log 13948 5572 Not Found: /api/v1/systemadmin/summary/
WARNING 2026-02-08 20:12:02,464 log 13948 5572 Not Found: /api/v1/systemadmin/summary/
WARNING 2026-02-08 20:13:03,476 log 13948 5572 Not Found: /api/v1/systemadmin/summary/
WARNING 2026-02-08 20:14:04,468 log 13948 5572 Not Found: /api/v1/systemadmin/summary/
WARNING 2026-02-08 20:15:05,483 log 13948 5572 Not Found: /api/v1/systemadmin/summary/
WARNING 2026-02-08 20:16:06,480 log 13948 5572 Not Found: /api/v1/systemadmin/summary/
WARNING 2026-02-08 20:17:07,473 log 13948 11868 Not Found: /api/v1/systemadmin/summary/
WARNING 2026-02-08 20:18:08,478 log 13948 11868 Not Found: /api/v1/systemadmin/summary/
WARNING 2026-02-08 20:18:50,454 log 13948 12040 Not Found: /favicon.ico
WARNING 2026-02-08 20:19:09,466 log 13948 11868 Not Found: /api/v1/systemadmin/summary/
WARNING 2026-02-08 20:19:16,661 log 13948 12040 Not Found: /api/v1/systemadmin/summary/
WARNING 2026-02-08 20:19:31,758 log 13948 12040 Method Not Allowed (GET): /admin/logout/
WARNING 2026-02-08 20:19:35,850 log 13948 12040 Method Not Allowed (GET): /admin/logout/
INFO 2026-02-08 20:19:39,855 autoreload 13948 14124 C:\SRMS\fastresult_backend\backend\urls.py changed, reloading.
INFO 2026-02-08 20:19:46,440 autoreload 11408 6436 Watching for file changes with StatReloader
